project/ImageAsynLoader/app/build/outputs/logs/manifest-merger-debug-report.txt
-- Merging decision tree log ---
manifest
ADDED from src\main\AndroidManifest.xml:2:1-32:12
INJECTED from src\main\AndroidManifest.xml:2:1-32:12
INJECTED from src\main\AndroidManifest.xml:2:1-32:12
INJECTED from src\main\AndroidManifest.xml:2:1-32:12
INJECTED from src\main\AndroidManifest.xml:2:1-32:12
INJECTED from src\main\AndroidManifest.xml:2:1-32:12
INJECTED from src\main\AndroidManifest.xml:2:1-32:12
	package
		ADDED from src\main\AndroidManifest.xml:3:5-29
		INJECTED from src\main\AndroidManifest.xml
		INJECTED from src\main\AndroidManifest.xml
	android:versionName
		ADDED from src\main\AndroidManifest.xml:5:5-30
		INJECTED from src\main\AndroidManifest.xml
		INJECTED from src\main\AndroidManifest.xml
	xmlns:android
		ADDED from src\main\AndroidManifest.xml:2:11-69
	android:versionCode
		ADDED from src\main\AndroidManifest.xml:4:5-28
		INJECTED from src\main\AndroidManifest.xml
		INJECTED from src\main\AndroidManifest.xml
uses-sdk
ADDED from src\main\AndroidManifest.xml:7:5-72
INJECTED from src\main\AndroidManifest.xml:7:5-72
INJECTED from src\main\AndroidManifest.xml:7:5-72
INJECTED from src\main\AndroidManifest.xml:7:5-72
INJECTED from src\main\AndroidManifest.xml:7:5-72
	android:targetSdkVersion
		ADDED from src\main\AndroidManifest.xml:7:41-69
		INJECTED from src\main\AndroidManifest.xml
		INJECTED from src\main\AndroidManifest.xml
	android:minSdkVersion
		ADDED from src\main\AndroidManifest.xml:7:15-40
		INJECTED from src\main\AndroidManifest.xml
		INJECTED from src\main\AndroidManifest.xml
uses-permission#android.permission.INTERNET
ADDED from src\main\AndroidManifest.xml:8:1-63
	android:name
		ADDED from src\main\AndroidManifest.xml:8:18-60
uses-permission#android.permission.WRITE_EXTERNAL_STORAGE
ADDED from src\main\AndroidManifest.xml:9:1-76
	android:name
		ADDED from src\main\AndroidManifest.xml:9:18-74
application
ADDED from src\main\AndroidManifest.xml:11:5-30:19
	android:label
		ADDED from src\main\AndroidManifest.xml:13:9-41
	android:icon
		ADDED from src\main\AndroidManifest.xml:12:9-45
activity#com.haoyaogang.AndroidExample
ADDED from src\main\AndroidManifest.xml:14:9-20:20
	android:label
		ADDED from src\main\AndroidManifest.xml:15:19-51
	android:name
		ADDED from src\main\AndroidManifest.xml:14:19-49
intent-filter#android.intent.action.MAIN+android.intent.category.LAUNCHER
ADDED from src\main\AndroidManifest.xml:16:13-19:29
action#android.intent.action.MAIN
ADDED from src\main\AndroidManifest.xml:17:17-69
	android:name
		ADDED from src\main\AndroidManifest.xml:17:25-66
category#android.intent.category.LAUNCHER
ADDED from src\main\AndroidManifest.xml:18:17-77
	android:name
		ADDED from src\main\AndroidManifest.xml:18:27-74
activity#com.haoyaogang.OAuthActivity
ADDED from src\main\AndroidManifest.xml:21:9-29:20
	android:name
		ADDED from src\main\AndroidManifest.xml:21:19-48
intent-filter#android.intent.action.VIEW+android.intent.category.BROWSABLE+android.intent.category.DEFAULT
ADDED from src\main\AndroidManifest.xml:22:10-27:20
action#android.intent.action.VIEW
ADDED from src\main\AndroidManifest.xml:23:11-63
	android:name
		ADDED from src\main\AndroidManifest.xml:23:19-60
category#android.intent.category.DEFAULT
ADDED from src\main\AndroidManifest.xml:24:11-70
	android:name
		ADDED from src\main\AndroidManifest.xml:24:21-67
category#android.intent.category.BROWSABLE
ADDED from src\main\AndroidManifest.xml:25:11-72
	android:name
		ADDED from src\main\AndroidManifest.xml:25:21-69
data
ADDED from src\main\AndroidManifest.xml:26:11-79
	android:host
		ADDED from src\main\AndroidManifest.xml:26:48-76
	android:scheme
		ADDED from src\main\AndroidManifest.xml:26:17-47